2022-11-24 23:55:11,806:INFO:PyCaret Supervised Module
2022-11-24 23:55:11,807:INFO:ML Usecase: clustering
2022-11-24 23:55:11,807:INFO:version 2.2.3
2022-11-24 23:55:11,807:INFO:Initializing setup()
2022-11-24 23:55:11,807:INFO:setup(target=None, ml_usecase=clustering, available_plots={'cluster': 'Cluster PCA Plot (2d)', 'tsne': 'Cluster TSnE (3d)', 'elbow': 'Elbow', 'silhouette': 'Silhouette', 'distance': 'Distance', 'distribution': 'Distribution'}, train_size=0.7, test_data=None, preprocess=True, imputation_type=simple, iterative_imputation_iters=5, categorical_features=None, categorical_imputation=mode, categorical_iterative_imputer=lightgbm, ordinal_features=None, high_cardinality_features=None, high_cardinality_method=frequency, numeric_features=None, numeric_imputation=mean, numeric_iterative_imputer=lightgbm, date_features=None, ignore_features=None, normalize=True, normalize_method=zscore, transformation=False, transformation_method=yeo-johnson, handle_unknown_categorical=True, unknown_categorical_method=least_frequent, pca=False, pca_method=linear, pca_components=None, ignore_low_variance=False, combine_rare_levels=False, rare_level_threshold=0.1, bin_numeric_features=None, remove_outliers=False, outliers_threshold=0.05, remove_multicollinearity=False, multicollinearity_threshold=0.9, remove_perfect_collinearity=False, create_clusters=False, cluster_iter=20, polynomial_features=False, polynomial_degree=2, trigonometry_features=False, polynomial_threshold=0.1, group_features=None, group_names=None, feature_selection=False, feature_selection_threshold=0.8, feature_selection_method=classic, feature_interaction=False, feature_ratio=False, interaction_threshold=0.01, fix_imbalance=False, fix_imbalance_method=None, transform_target=False, transform_target_method=box-cox, data_split_shuffle=False, data_split_stratify=False, fold_strategy=kfold, fold=10, fold_shuffle=False, fold_groups=None, n_jobs=-1, use_gpu=False, custom_pipeline=None, html=True, session_id=123, log_experiment=False, experiment_name=None, log_plots=False, log_profile=False, log_data=False, silent=False, verbose=True, profile=False, profile_kwargs=None, display=None)
2022-11-24 23:55:11,809:INFO:Checking environment
2022-11-24 23:55:11,809:INFO:python_version: 3.9.7
2022-11-24 23:55:11,809:INFO:python_build: ('default', 'Sep 16 2021 16:59:28')
2022-11-24 23:55:11,809:INFO:machine: AMD64
2022-11-24 23:55:11,809:INFO:platform: Windows-10-10.0.19045-SP0
2022-11-24 23:55:11,810:INFO:Memory: svmem(total=17057648640, available=5458808832, percent=68.0, used=11598839808, free=5458808832)
2022-11-24 23:55:11,810:INFO:Physical Core: 2
2022-11-24 23:55:11,810:INFO:Logical Core: 4
2022-11-24 23:55:11,810:INFO:Checking libraries
2022-11-24 23:55:11,810:INFO:pd==1.4.1
2022-11-24 23:55:11,810:INFO:numpy==1.20.3
2022-11-24 23:55:11,810:INFO:sklearn==0.24.2
2022-11-24 23:55:11,833:INFO:xgboost==1.6.1
2022-11-24 23:55:11,833:INFO:lightgbm==3.3.2
2022-11-24 23:55:11,933:INFO:catboost==1.0.4
2022-11-24 23:55:12,497:INFO:mlflow==1.30.0
2022-11-24 23:55:12,498:INFO:Checking Exceptions
2022-11-24 23:55:12,498:INFO:Declaring global variables
2022-11-24 23:55:12,498:INFO:USI: c781
2022-11-24 23:55:12,498:INFO:pycaret_globals: {'_all_metrics', '_gpu_n_jobs_param', 'fix_imbalance_method_param', 'fix_imbalance_param', 'X', 'experiment__', 'transform_target_method_param', 'exp_name_log', 'log_plots_param', 'stratify_param', 'fold_groups_param', '_all_models_internal', 'prep_pipe', 'master_model_container', 'gpu_param', 'pycaret_globals', 'fold_generator', 'imputation_regressor', 'seed', 'data_before_preprocess', '_ml_usecase', '_available_plots', '_internal_pipeline', 'target_param', 'imputation_classifier', 'fold_param', 'create_model_container', 'USI', 'html_param', '_all_models', 'transform_target_param', 'logging_param', 'n_jobs_param', 'display_container', 'fold_shuffle_param', 'iterative_imputation_iters_param'}
2022-11-24 23:55:12,498:INFO:Preparing display monitor
2022-11-24 23:55:12,498:INFO:Preparing display monitor
2022-11-24 23:55:12,510:INFO:Importing libraries
2022-11-24 23:55:12,510:INFO:Copying data for preprocessing
2022-11-24 23:55:12,520:INFO:Declaring preprocessing parameters
2022-11-24 23:55:12,529:INFO:Creating preprocessing pipeline
2022-11-24 23:55:12,557:INFO:Preprocessing pipeline created successfully
2022-11-24 23:55:12,558:ERROR:(Process Exit): setup has been interupted with user command 'quit'. setup must rerun.
2022-11-24 23:55:12,558:INFO:Creating global containers
